<?xml version="1.0" encoding="UTF-8"?>
<testsuite xmlns:xsi="http://www.w3.org/2001/XMLSchema-instance" xsi:noNamespaceSchemaLocation="https://maven.apache.org/surefire/maven-surefire-plugin/xsd/surefire-test-report-3.0.xsd" version="3.0" name="com.ecommerce.auth.controller.AuthControllerTest" time="6.199" tests="4" errors="0" skipped="0" failures="0">
  <properties>
[...]
</properties>
  <testcase name="register_validRequest_returns201" classname="com.ecommerce.auth.controller.AuthControllerTest" time="0.361">
    <system-out><![CDATA[12:07:44.658 [main] INFO org.springframework.test.context.support.AnnotationConfigContextLoaderUtils -- Could not detect default configuration classes for test class [com.ecommerce.auth.controller.AuthControllerTest]: AuthControllerTest does not declare any static, non-private, non-final, nested classes annotated with @Configuration.
12:07:44.931 [main] INFO org.springframework.boot.test.context.SpringBootTestContextBootstrapper -- Found @SpringBootConfiguration com.ecommerce.auth.AuthApplication for test class com.ecommerce.auth.controller.AuthControllerTest

  .   ____          _            __ _ _
 /\\ / ___'_ __ _ _(_)_ __  __ _ \ \ \ \
( ( )\___ | '_ | '_| | '_ \/ _` | \ \ \ \
 \\/  ___)| |_)| | | | | || (_| |  ) ) ) )
  '  |____| .__|_| |_|_| |_\__, | / / / /
 =========|_|==============|___/=/_/_/_/

 :: Spring Boot ::                (v3.3.5)

2026-06-03T12:07:45.597+08:00  INFO 61108 --- [           main] c.e.auth.controller.AuthControllerTest   : Starting AuthControllerTest using Java 21.0.5 with PID 61108 (started by jared in C:\GitHub\Microservices Project\auth-service)
2026-06-03T12:07:45.598+08:00  INFO 61108 --- [           main] c.e.auth.controller.AuthControllerTest   : No active profile set, falling back to 1 default profile: "default"
2026-06-03T12:07:48.463+08:00  WARN 61108 --- [           main] .s.s.UserDetailsServiceAutoConfiguration : 

Using generated security password: 7dbbb881-425d-4343-a2e8-2b9c485ef719

This generated password is for development use only. Your security configuration must be updated before running your application in production.

2026-06-03T12:07:48.499+08:00  INFO 61108 --- [           main] r$InitializeUserDetailsManagerConfigurer : Global AuthenticationManager configured with UserDetailsService bean with name inMemoryUserDetailsManager
2026-06-03T12:07:49.905+08:00  INFO 61108 --- [           main] o.s.b.t.m.w.SpringBootMockServletContext : Initializing Spring TestDispatcherServlet ''
2026-06-03T12:07:49.906+08:00  INFO 61108 --- [           main] o.s.t.web.servlet.TestDispatcherServlet  : Initializing Servlet ''
2026-06-03T12:07:49.909+08:00  INFO 61108 --- [           main] o.s.t.web.servlet.TestDispatcherServlet  : Completed initialization in 3 ms
2026-06-03T12:07:49.982+08:00  INFO 61108 --- [           main] c.e.auth.controller.AuthControllerTest   : Started AuthControllerTest in 4.939 seconds (process running for 6.505)
]]></system-out>
    <system-err><![CDATA[WARNING: A Java agent has been loaded dynamically (C:\Users\jared\.m2\repository\net\bytebuddy\byte-buddy-agent\1.14.19\byte-buddy-agent-1.14.19.jar)
WARNING: If a serviceability tool is in use, please run with -XX:+EnableDynamicAgentLoading to hide this warning
WARNING: If a serviceability tool is not in use, please run with -Djdk.instrument.traceUsage for more information
WARNING: Dynamic loading of agents will be disallowed by default in a future release
]]></system-err>
  </testcase>
  <testcase name="login_validCredentials_returns200WithToken" classname="com.ecommerce.auth.controller.AuthControllerTest" time="0.022"/>
  <testcase name="login_invalidCredentials_returns401" classname="com.ecommerce.auth.controller.AuthControllerTest" time="0.015"/>
  <testcase name="register_duplicateEmail_returns409" classname="com.ecommerce.auth.controller.AuthControllerTest" time="0.01"/>
</testsuite>